2001.12.11 14:14 B C:\My Documents\Templates\Temp19\images\bg.jpg --> illdesign.yoll.net /illdesign.yoll.net/test3/images bg.jpg
2001.12.11 14:14 B C:\My Documents\Templates\Temp19\images\butt_illdesign.jpg --> illdesign.yoll.net /illdesign.yoll.net/test3/images butt_illdesign.jpg
2001.12.11 14:14 B C:\My Documents\Templates\Temp19\images\butt_link1.jpg --> illdesign.yoll.net /illdesign.yoll.net/test3/images butt_link1.jpg
2001.12.11 14:14 B C:\My Documents\Templates\Temp19\images\butt_link1_sel.jpg --> illdesign.yoll.net /illdesign.yoll.net/test3/images butt_link1_sel.jpg
2001.12.11 14:14 B C:\My Documents\Templates\Temp19\images\butt_link2.jpg --> illdesign.yoll.net /illdesign.yoll.net/test3/images butt_link2.jpg
2001.12.11 14:14 B C:\My Documents\Templates\Temp19\images\butt_link2_sel.jpg --> illdesign.yoll.net /illdesign.yoll.net/test3/images butt_link2_sel.jpg
2001.12.11 14:14 B C:\My Documents\Templates\Temp19\images\butt_link3.jpg --> illdesign.yoll.net /illdesign.yoll.net/test3/images butt_link3.jpg
2001.12.11 14:15 B C:\My Documents\Templates\Temp19\images\butt_link3_sel.jpg --> illdesign.yoll.net /illdesign.yoll.net/test3/images butt_link3_sel.jpg
2001.12.11 14:15 B C:\My Documents\Templates\Temp19\images\butt_link4.jpg --> illdesign.yoll.net /illdesign.yoll.net/test3/images butt_link4.jpg
2001.12.11 14:15 B C:\My Documents\Templates\Temp19\images\butt_link4_sel.jpg --> illdesign.yoll.net /illdesign.yoll.net/test3/images butt_link4_sel.jpg
2001.12.11 14:15 B C:\My Documents\Templates\Temp19\images\butt_link5.jpg --> illdesign.yoll.net /illdesign.yoll.net/test3/images butt_link5.jpg
2001.12.11 14:15 B C:\My Documents\Templates\Temp19\images\butt_link5_sel.jpg --> illdesign.yoll.net /illdesign.yoll.net/test3/images butt_link5_sel.jpg
2001.12.11 14:15 B C:\My Documents\Templates\Temp19\images\butt_link6.jpg --> illdesign.yoll.net /illdesign.yoll.net/test3/images butt_link6.jpg
2001.12.11 14:15 B C:\My Documents\Templates\Temp19\images\butt_link6_sel.jpg --> illdesign.yoll.net /illdesign.yoll.net/test3/images butt_link6_sel.jpg
2001.12.11 14:15 B C:\My Documents\Templates\Temp19\images\clock.gif --> illdesign.yoll.net /illdesign.yoll.net/test3/images clock.gif
2001.12.11 14:15 B C:\My Documents\Templates\Temp19\images\close_ovr.gif --> illdesign.yoll.net /illdesign.yoll.net/test3/images close_ovr.gif
2001.12.11 14:15 B C:\My Documents\Templates\Temp19\images\close_up.gif --> illdesign.yoll.net /illdesign.yoll.net/test3/images close_up.gif
2001.12.11 14:15 B C:\My Documents\Templates\Temp19\images\enter.gif --> illdesign.yoll.net /illdesign.yoll.net/test3/images enter.gif
2001.12.11 14:15 B C:\My Documents\Templates\Temp19\images\ill_button.gif --> illdesign.yoll.net /illdesign.yoll.net/test3/images ill_button.gif
2001.12.11 14:15 B C:\My Documents\Templates\Temp19\images\index_01.jpg --> illdesign.yoll.net /illdesign.yoll.net/test3/images index_01.jpg
2001.12.11 14:15 B C:\My Documents\Templates\Temp19\images\index_02.jpg --> illdesign.yoll.net /illdesign.yoll.net/test3/images index_02.jpg
2001.12.11 14:15 B C:\My Documents\Templates\Temp19\images\index_03.jpg --> illdesign.yoll.net /illdesign.yoll.net/test3/images index_03.jpg
2001.12.11 14:15 B C:\My Documents\Templates\Temp19\images\index_04.jpg --> illdesign.yoll.net /illdesign.yoll.net/test3/images index_04.jpg
2001.12.11 14:15 B C:\My Documents\Templates\Temp19\images\index_05.jpg --> illdesign.yoll.net /illdesign.yoll.net/test3/images index_05.jpg
2001.12.11 14:15 B C:\My Documents\Templates\Temp19\images\index_06.jpg --> illdesign.yoll.net /illdesign.yoll.net/test3/images index_06.jpg
2001.12.11 14:15 B C:\My Documents\Templates\Temp19\images\index_07.jpg --> illdesign.yoll.net /illdesign.yoll.net/test3/images index_07.jpg
2001.12.11 14:15 B C:\My Documents\Templates\Temp19\images\index_09.jpg --> illdesign.yoll.net /illdesign.yoll.net/test3/images index_09.jpg
2001.12.11 14:15 B C:\My Documents\Templates\Temp19\images\index_11.jpg --> illdesign.yoll.net /illdesign.yoll.net/test3/images index_11.jpg
2001.12.11 14:15 B C:\My Documents\Templates\Temp19\images\index_12.jpg --> illdesign.yoll.net /illdesign.yoll.net/test3/images index_12.jpg
2001.12.11 14:15 B C:\My Documents\Templates\Temp19\images\index_13.jpg --> illdesign.yoll.net /illdesign.yoll.net/test3/images index_13.jpg
2001.12.11 14:15 B C:\My Documents\Templates\Temp19\images\index_15.jpg --> illdesign.yoll.net /illdesign.yoll.net/test3/images index_15.jpg
2001.12.11 14:15 B C:\My Documents\Templates\Temp19\images\index_17.jpg --> illdesign.yoll.net /illdesign.yoll.net/test3/images index_17.jpg
2001.12.11 14:15 B C:\My Documents\Templates\Temp19\images\index_19.jpg --> illdesign.yoll.net /illdesign.yoll.net/test3/images index_19.jpg
2001.12.11 14:15 B C:\My Documents\Templates\Temp19\images\index_21.jpg --> illdesign.yoll.net /illdesign.yoll.net/test3/images index_21.jpg
2001.12.11 14:15 B C:\My Documents\Templates\Temp19\images\index_23.jpg --> illdesign.yoll.net /illdesign.yoll.net/test3/images index_23.jpg
2001.12.11 14:15 B C:\My Documents\Templates\Temp19\images\index_24.jpg --> illdesign.yoll.net /illdesign.yoll.net/test3/images index_24.jpg
2001.12.11 14:15 B C:\My Documents\Templates\Temp19\images\index_25.jpg --> illdesign.yoll.net /illdesign.yoll.net/test3/images index_25.jpg
2001.12.11 14:16 B C:\My Documents\Templates\Temp19\images\index_26.jpg --> illdesign.yoll.net /illdesign.yoll.net/test3/images index_26.jpg
2001.12.11 14:16 B C:\My Documents\Templates\Temp19\images\index_27.jpg --> illdesign.yoll.net /illdesign.yoll.net/test3/images index_27.jpg
2001.12.11 14:16 B C:\My Documents\Templates\Temp19\images\index_28.jpg --> illdesign.yoll.net /illdesign.yoll.net/test3/images index_28.jpg
2001.12.11 14:16 B C:\My Documents\Templates\Temp19\images\index_30.jpg --> illdesign.yoll.net /illdesign.yoll.net/test3/images index_30.jpg
2001.12.11 14:16 B C:\My Documents\Templates\Temp19\images\spacer.gif --> illdesign.yoll.net /illdesign.yoll.net/test3/images spacer.gif
